# JRE version: OpenJDK Runtime Environment GraalVM CE 17.0.9+9.1 (17.0.9+9) (build 17.0.9+9-jvmci-23.0-b22)
# Java VM: OpenJDK 64-Bit Server VM GraalVM CE 17.0.9+9.1 (17.0.9+9-jvmci-23.0-b22, mixed mode, sharing, tiered, jvmci, jvmci compiler, compressed oops, compressed class ptrs, g1 gc, windows-amd64)
GC Precious Log:
 CPUs: 12 total, 12 available
 Memory: 6005M
 Large Page Support: Disabled
 NUMA Support: Disabled
 Compressed Oops: Enabled (32-bit)
 Heap Region Size: 1M
 Heap Min Capacity: 8M
 Heap Initial Capacity: 94M
 Heap Max Capacity: 1502M
 Pre-touch: Disabled
 Parallel Workers: 10
 Concurrent Workers: 3
 Concurrent Refinement Workers: 10
 Periodic GC: Disabled
Heap:
 garbage-first heap   total 54272K, used 31104K [0x00000000a2200000, 0x0000000100000000)
  region size 1024K, 13 young (13312K), 1 survivors (1024K)
 Metaspace       used 44457K, committed 44928K, reserved 1114112K
  class space    used 5490K, committed 5696K, reserved 1048576K
GC Heap History (20 events):
Event: 1.289 GC heap before
{Heap before GC invocations=0 (full 0):
 garbage-first heap   total 96256K, used 23552K [0x00000000a2200000, 0x0000000100000000)
  region size 1024K, 23 young (23552K), 0 survivors (0K)
 Metaspace       used 6447K, committed 6656K, reserved 1114112K
  class space    used 715K, committed 832K, reserved 1048576K
}
Event: 1.301 GC heap after
{Heap after GC invocations=1 (full 0):
 garbage-first heap   total 96256K, used 5760K [0x00000000a2200000, 0x0000000100000000)
  region size 1024K, 3 young (3072K), 3 survivors (3072K)
 Metaspace       used 6447K, committed 6656K, reserved 1114112K
  class space    used 715K, committed 832K, reserved 1048576K
}
Event: 2.293 GC heap before
{Heap before GC invocations=1 (full 0):
 garbage-first heap   total 96256K, used 31360K [0x00000000a2200000, 0x0000000100000000)
  region size 1024K, 29 young (29696K), 3 survivors (3072K)
 Metaspace       used 12601K, committed 12928K, reserved 1114112K
  class space    used 1612K, committed 1792K, reserved 1048576K
}
Event: 2.304 GC heap after
{Heap after GC invocations=2 (full 0):
 garbage-first heap   total 96256K, used 7901K [0x00000000a2200000, 0x0000000100000000)
  region size 1024K, 3 young (3072K), 3 survivors (3072K)
 Metaspace       used 12601K, committed 12928K, reserved 1114112K
  class space    used 1612K, committed 1792K, reserved 1048576K
}
Event: 3.057 GC heap before
{Heap before GC invocations=2 (full 0):
 garbage-first heap   total 96256K, used 46813K [0x00000000a2200000, 0x0000000100000000)
  region size 1024K, 43 young (44032K), 3 survivors (3072K)
 Metaspace       used 21153K, committed 21504K, reserved 1114112K
  class space    used 2646K, committed 2816K, reserved 1048576K
}
Event: 3.066 GC heap after
{Heap after GC invocations=3 (full 0):
 garbage-first heap   total 96256K, used 11270K [0x00000000a2200000, 0x0000000100000000)
  region size 1024K, 6 young (6144K), 6 survivors (6144K)
 Metaspace       used 21153K, committed 21504K, reserved 1114112K
  class space    used 2646K, committed 2816K, reserved 1048576K
}
Event: 3.845 GC heap before
{Heap before GC invocations=4 (full 0):
 garbage-first heap   total 45056K, used 31750K [0x00000000a2200000, 0x0000000100000000)
  region size 1024K, 26 young (26624K), 6 survivors (6144K)
 Metaspace       used 23691K, committed 24064K, reserved 1114112K
  class space    used 2946K, committed 3136K, reserved 1048576K
}
Event: 3.857 GC heap after
{Heap after GC invocations=5 (full 0):
 garbage-first heap   total 45056K, used 12401K [0x00000000a2200000, 0x0000000100000000)
  region size 1024K, 2 young (2048K), 2 survivors (2048K)
 Metaspace       used 23691K, committed 24064K, reserved 1114112K
  class space    used 2946K, committed 3136K, reserved 1048576K
}
Event: 3.900 GC heap before
{Heap before GC invocations=5 (full 0):
 garbage-first heap   total 45056K, used 13425K [0x00000000a2200000, 0x0000000100000000)
  region size 1024K, 3 young (3072K), 2 survivors (2048K)
 Metaspace       used 23803K, committed 24128K, reserved 1114112K
  class space    used 2967K, committed 3136K, reserved 1048576K
}
Event: 3.906 GC heap after
{Heap after GC invocations=6 (full 0):
 garbage-first heap   total 54272K, used 12752K [0x00000000a2200000, 0x0000000100000000)
  region size 1024K, 1 young (1024K), 1 survivors (1024K)
 Metaspace       used 23803K, committed 24128K, reserved 1114112K
  class space    used 2967K, committed 3136K, reserved 1048576K
}
Event: 4.965 GC heap before
{Heap before GC invocations=6 (full 0):
 garbage-first heap   total 54272K, used 36304K [0x00000000a2200000, 0x0000000100000000)
  region size 1024K, 24 young (24576K), 1 survivors (1024K)
 Metaspace       used 28765K, committed 29248K, reserved 1114112K
  class space    used 3618K, committed 3840K, reserved 1048576K
}
Event: 4.978 GC heap after
{Heap after GC invocations=7 (full 0):
 garbage-first heap   total 54272K, used 14910K [0x00000000a2200000, 0x0000000100000000)
  region size 1024K, 3 young (3072K), 3 survivors (3072K)
 Metaspace       used 28765K, committed 29248K, reserved 1114112K
  class space    used 3618K, committed 3840K, reserved 1048576K
}
Event: 6.053 GC heap before
{Heap before GC invocations=7 (full 0):
 garbage-first heap   total 54272K, used 37438K [0x00000000a2200000, 0x0000000100000000)
  region size 1024K, 25 young (25600K), 3 survivors (3072K)
 Metaspace       used 33602K, committed 34048K, reserved 1114112K
  class space    used 4215K, committed 4416K, reserved 1048576K
}
Event: 6.059 GC heap after
{Heap after GC invocations=8 (full 0):
 garbage-first heap   total 54272K, used 17565K [0x00000000a2200000, 0x0000000100000000)
  region size 1024K, 3 young (3072K), 3 survivors (3072K)
 Metaspace       used 33602K, committed 34048K, reserved 1114112K
  class space    used 4215K, committed 4416K, reserved 1048576K
}
Event: 6.486 GC heap before
{Heap before GC invocations=8 (full 0):
 garbage-first heap   total 54272K, used 28829K [0x00000000a2200000, 0x0000000100000000)
  region size 1024K, 15 young (15360K), 3 survivors (3072K)
 Metaspace       used 35530K, committed 35968K, reserved 1114112K
  class space    used 4453K, committed 4672K, reserved 1048576K
}
Event: 6.491 GC heap after
{Heap after GC invocations=9 (full 0):
 garbage-first heap   total 54272K, used 18779K [0x00000000a2200000, 0x0000000100000000)
  region size 1024K, 2 young (2048K), 2 survivors (2048K)
 Metaspace       used 35530K, committed 35968K, reserved 1114112K
  class space    used 4453K, committed 4672K, reserved 1048576K
}
Event: 7.305 GC heap before
{Heap before GC invocations=10 (full 0):
 garbage-first heap   total 54272K, used 38235K [0x00000000a2200000, 0x0000000100000000)
  region size 1024K, 21 young (21504K), 2 survivors (2048K)
 Metaspace       used 38676K, committed 39168K, reserved 1114112K
  class space    used 4884K, committed 5120K, reserved 1048576K
}
Event: 7.311 GC heap after
{Heap after GC invocations=11 (full 0):
 garbage-first heap   total 54272K, used 19929K [0x00000000a2200000, 0x0000000100000000)
  region size 1024K, 3 young (3072K), 3 survivors (3072K)
 Metaspace       used 38676K, committed 39168K, reserved 1114112K
  class space    used 4884K, committed 5120K, reserved 1048576K
}
Event: 7.421 GC heap before
{Heap before GC invocations=11 (full 0):
 garbage-first heap   total 54272K, used 19929K [0x00000000a2200000, 0x0000000100000000)
  region size 1024K, 4 young (4096K), 3 survivors (3072K)
 Metaspace       used 38945K, committed 39360K, reserved 1114112K
  class space    used 4918K, committed 5120K, reserved 1048576K
}
Event: 7.425 GC heap after
{Heap after GC invocations=12 (full 0):
 garbage-first heap   total 54272K, used 19840K [0x00000000a2200000, 0x0000000100000000)
  region size 1024K, 1 young (1024K), 1 survivors (1024K)
 Metaspace       used 38945K, committed 39360K, reserved 1114112K
  class space    used 4918K, committed 5120K, reserved 1048576K
}

